[www.spygram.com.br/index.html]
[backblue.gif]
[fade.gif]
[index.html]
[www.spygram.com.br/_assets/images/favicon.ico]
[cdn.jsdelivr.net/npm/bootstrap-icons@1.11.3/font/bootstrap-icons.min.css]
[www.spygram.com.br/_assets/libs/bootstrap-5.0.2/css/bootstrap.min.css]
[www.spygram.com.br/_assets/libs/aos-2.3.1/css/aos.min.css]
[www.spygram.com.br/_styles/global7033.css]
[www.spygram.com.br/_assets/libs/bootstrap-5.0.2/js/bootstrap.min.js]
[www.spygram.com.br/_assets/libs/aos-2.3.1/js/aos.min.js]
[www.spygram.com.br/_assets/libs/jquery-3.7.1/js/jquery.min.js]
[www.spygram.com.br/_utils/js/utils7033.js]
[www.spygram.com.br/_assets/images/logo.png]
[www.spygram.com.br/_assets/images/whatsapp.png]
[www.spygram.com.br/_assets/images/ssl-secure.png]
[www.spygram.com.br/login/index.html]
[www.spygram.com.br/script7033.js]
[www.spygram.com.br/index.html]
[www.spygram.com.br/whatsapp/index.html]
[cdn.jsdelivr.net/npm/bootstrap-icons@1.11.3/font/fonts/bootstrap-icons0107.woff2]
[cdn.jsdelivr.net/npm/bootstrap-icons@1.11.3/font/fonts/bootstrap-icons0107.woff]
[cdn.jsdelivr.net/npm/bootstrap-icons@1.11.3/font/bootstrap-icons.min.css]
[www.spygram.com.br/_assets/libs/bootstrap-5.0.2/css/bootstrap.min.css]
[www.spygram.com.br/_assets/libs/aos-2.3.1/css/aos.min.css]
[www.spygram.com.br/_assets/font/chakra/ChakraPetch-SemiBold.ttf]
[www.spygram.com.br/_assets/font/poppins/Poppins-Bold.ttf]
[www.spygram.com.br/_assets/font/poppins/Poppins-SemiBold.ttf]
[www.spygram.com.br/_assets/font/poppins/Poppins-Medium.ttf]
[www.spygram.com.br/_assets/font/poppins/Poppins-Regular.ttf]
[www.spygram.com.br/_styles/global7033.css]
[www.spygram.com.br/_assets/libs/bootstrap-5.0.2/js/bootstrap.min.js]
[www.spygram.com.br/_assets/libs/aos-2.3.1/js/aos.min.js]
[www.spygram.com.br/_assets/libs/jquery-3.7.1/js/jquery.min.js]
[www.spygram.com.br/_utils/js/utils7033.js]
[www.spygram.com.br/_assets/font/poppins/Poppins-Light.ttf]
[www.spygram.com.br/dist/index.html]
[www.spygram.com.br/_styles/login7033.css]
[www.spygram.com.br/login/script7033.js]
[www.spygram.com.br/login/index.html]
[www.spygram.com.br/whatsapp/_assets/images/favicon.ico]
[www.spygram.com.br/whatsapp/_assets/libs/bootstrap-5.0.2/css/bootstrap.min.css]
[www.spygram.com.br/whatsapp/_assets/libs/aos-2.3.1/css/aos.min.css]
[www.spygram.com.br/whatsapp/_styles/global7033.css]
[www.spygram.com.br/whatsapp/_assets/libs/bootstrap-5.0.2/js/bootstrap.min.js]
[www.spygram.com.br/whatsapp/_assets/libs/aos-2.3.1/js/aos.min.js]
[www.spygram.com.br/whatsapp/_assets/libs/jquery-3.7.1/js/jquery.min.js]
[www.spygram.com.br/whatsapp/_utils/js/utils7033.js]
[www.spygram.com.br/whatsapp/_assets/images/logo.png]
[www.spygram.com.br/whatsapp/_assets/images/whatsapp.png]
[www.spygram.com.br/whatsapp/login/index.html]
[www.spygram.com.br/whatsapp/_assets/images/ssl-secure.png]
[www.spygram.com.br/whatsapp/index.html]
[www.spygram.com.br/whatsapp/script7033.js]
[www.spygram.com.br/script7033.js]
[www.spygram.com.br/dist/index.html]
[www.spygram.com.br/_styles/login7033.css]
[www.spygram.com.br/login/api/auth.php]
[www.spygram.com.br/login/script7033.js]
[www.spygram.com.br/whatsapp/_assets/libs/bootstrap-5.0.2/css/bootstrap.min.css]
[www.spygram.com.br/whatsapp/_assets/libs/aos-2.3.1/css/aos.min.css]
[www.spygram.com.br/whatsapp/_assets/font/chakra/ChakraPetch-SemiBold.ttf]
[www.spygram.com.br/whatsapp/_assets/font/poppins/Poppins-Bold.ttf]
[www.spygram.com.br/whatsapp/_assets/font/poppins/Poppins-SemiBold.ttf]
[www.spygram.com.br/whatsapp/_assets/font/poppins/Poppins-Medium.ttf]
[www.spygram.com.br/whatsapp/_assets/font/poppins/Poppins-Regular.ttf]
[www.spygram.com.br/whatsapp/_styles/global7033.css]
[www.spygram.com.br/whatsapp/_assets/libs/bootstrap-5.0.2/js/bootstrap.min.js]
[www.spygram.com.br/whatsapp/_assets/libs/aos-2.3.1/js/aos.min.js]
[www.spygram.com.br/whatsapp/_assets/libs/jquery-3.7.1/js/jquery.min.js]
[www.spygram.com.br/whatsapp/_assets/font/poppins/Poppins-Light.ttf]
[www.spygram.com.br/whatsapp/_utils/js/utils7033.js]
[www.spygram.com.br/whatsapp/dist/index.html]
[www.spygram.com.br/whatsapp/_styles/login7033.css]
[www.spygram.com.br/whatsapp/login/script7033.js]
[www.spygram.com.br/whatsapp/login/index.html]
[www.spygram.com.br/whatsapp/script7033.js]
[www.spygram.com.br/whatsapp/dist/index.html]
[www.spygram.com.br/whatsapp/_styles/login7033.css]
[www.spygram.com.br/login/api/auth.html]
[www.spygram.com.br/whatsapp/login/api/auth.php]
[www.spygram.com.br/whatsapp/login/script7033.js]
[www.spygram.com.br/login/api/auth.html]
[www.spygram.com.br/whatsapp/login/api/auth.html]
[www.spygram.com.br/login/api/auth.html]
[www.spygram.com.br/whatsapp/login/api/auth.html]
[www.spygram.com.br/whatsapp/login/api/auth.html]
